<?xml version="1.0" encoding="UTF-8"?>
<!-- Generated by org.testng.reporters.JUnitReportReporter -->
<testsuite hostname="LAPTOP-BBE8NKFJ" name="mil.dtic.selenium.RunTest" tests="1" failures="0" timestamp="23 May 2020 15:21:37 GMT" time="22.812" errors="0">
  <testcase name="readExcel" time="22.812" classname="mil.dtic.selenium.RunTest"/>
</testsuite> <!-- mil.dtic.selenium.RunTest -->
